[0m11:51:09.990362 [debug] [MainThread]: Sending event: {'category': 'dbt', 'action': 'invocation', 'label': 'start', 'context': [<snowplow_tracker.self_describing_json.SelfDescribingJson object at 0x1119d0f70>, <snowplow_tracker.self_describing_json.SelfDescribingJson object at 0x112a79be0>, <snowplow_tracker.self_describing_json.SelfDescribingJson object at 0x112a79dc0>]}


============================== 11:51:09.992507 | 8d9bc437-6fd9-44a2-b56e-fd1c5b4f7523 ==============================
[0m11:51:09.992507 [info ] [MainThread]: Running with dbt=1.9.3
[0m11:51:09.992770 [debug] [MainThread]: running dbt with arguments {'printer_width': '80', 'indirect_selection': 'eager', 'write_json': 'True', 'log_cache_events': 'False', 'partial_parse': 'True', 'cache_selected_only': 'False', 'profiles_dir': '/Users/kkb/.dbt', 'fail_fast': 'False', 'version_check': 'True', 'log_path': 'logs', 'debug': 'False', 'warn_error': 'None', 'use_colors': 'True', 'use_experimental_parser': 'False', 'no_print': 'None', 'quiet': 'False', 'empty': 'None', 'log_format': 'default', 'invocation_command': 'dbt init', 'introspect': 'True', 'warn_error_options': 'WarnErrorOptions(include=[], exclude=[])', 'target_path': 'None', 'static_parser': 'True', 'send_anonymous_usage_stats': 'True'}
[0m11:51:09.998273 [warn ] [MainThread]: [ConfigFolderDirectory]: Unable to parse logging event dictionary. Failed to parse dir field: expected string or bytes-like object.. Dictionary: {'dir': PosixPath('/Users/kkb/.dbt')}
[0m11:51:09.998431 [info ] [MainThread]: Creating dbt configuration folder at 
[0m11:52:54.657634 [debug] [MainThread]: Starter project path: /Users/kkb/Library/Python/3.9/lib/python/site-packages/dbt/include/starter_project
[0m11:52:54.668224 [info ] [MainThread]: 
Your new dbt project "dbcommodities" was created!

For more information on how to configure the profiles.yml file,
please consult the dbt documentation here:

  https://docs.getdbt.com/docs/configure-your-profile

One more thing:

Need help? Don't hesitate to reach out to us via GitHub issues or on Slack:

  https://community.getdbt.com/

Happy modeling!

[0m11:52:54.668692 [info ] [MainThread]: Setting up your profile.
[0m11:54:11.597904 [info ] [MainThread]: Profile dbcommodities written to /Users/kkb/.dbt/profiles.yml using target's profile_template.yml and your supplied values. Run 'dbt debug' to validate the connection.
[0m11:54:11.603915 [debug] [MainThread]: Resource report: {"command_name": "init", "command_success": true, "command_wall_clock_time": 181.6428, "process_in_blocks": "0", "process_kernel_time": 0.117051, "process_mem_max_rss": "93863936", "process_out_blocks": "0", "process_user_time": 0.647537}
[0m11:54:11.604688 [debug] [MainThread]: Command `dbt init` succeeded at 11:54:11.604527 after 181.64 seconds
[0m11:54:11.605148 [debug] [MainThread]: Sending event: {'category': 'dbt', 'action': 'invocation', 'label': 'end', 'context': [<snowplow_tracker.self_describing_json.SelfDescribingJson object at 0x1119d0f70>, <snowplow_tracker.self_describing_json.SelfDescribingJson object at 0x114071e80>, <snowplow_tracker.self_describing_json.SelfDescribingJson object at 0x112abc850>]}
[0m11:54:11.605641 [debug] [MainThread]: Flushing usage events
[0m11:54:12.488958 [debug] [MainThread]: An error was encountered while trying to flush usage events
